2024-12-30 13:54:29,881 - INFO - Weather data found for Grand Lake, CO
2024-12-30 13:54:30,695 - INFO - Weather data found for Buellton, CA
2024-12-30 13:54:31,613 - INFO - Weather data found for Kilauea, HI
2024-12-30 14:01:34,529 - INFO - Weather data found for Grand Lake, CO
2024-12-30 14:01:35,294 - INFO - Weather data found for Buellton, CA
2024-12-30 14:01:36,129 - INFO - Weather data found for Kilauea, HI
2024-12-30 14:01:36,878 - INFO - Weather data found for Honolulu, HI
2024-12-30 14:01:37,706 - INFO - Weather data found for Madison, NH
2024-12-30 14:01:38,465 - INFO - Weather data found for Solvang, CA
2024-12-30 14:01:39,242 - INFO - Weather data found for Avila Beach, CA
2024-12-30 14:01:40,066 - INFO - Weather data found for Borrego Springs, CA
2024-12-30 14:01:40,879 - INFO - Weather data found for Crescent, OR
2024-12-30 14:01:40,883 - INFO - Data written to weather.csv
2024-12-31 09:10:51,971 - INFO - Weather data found for Grand Lake, CO
2024-12-31 09:10:53,144 - INFO - Weather data found for Buellton, CA
2024-12-31 09:10:54,872 - INFO - Weather data found for Kilauea, HI
2024-12-31 09:10:56,222 - INFO - Weather data found for Honolulu, HI
2024-12-31 09:10:57,469 - INFO - Weather data found for Madison, NH
2024-12-31 09:10:58,522 - INFO - Weather data found for Solvang, CA
2024-12-31 09:10:59,695 - INFO - Weather data found for Avila Beach, CA
2024-12-31 09:11:00,791 - INFO - Weather data found for Borrego Springs, CA
2024-12-31 09:11:01,907 - INFO - Weather data found for Crescent, OR
2024-12-31 09:11:01,920 - INFO - Data written to weather.csv
2024-12-31 12:45:17,451 - INFO - Retrieved Weather Data for: Grand Lake, CO - 2024-12-30
2024-12-31 12:45:19,834 - INFO - Retrieved Weather Data for: Buellton, CA - 2024-12-30
2024-12-31 12:45:22,281 - INFO - Retrieved Weather Data for: Kilauea, HI - 2024-12-30
2024-12-31 12:45:24,774 - INFO - Retrieved Weather Data for: Honolulu, HI - 2024-12-30
2024-12-31 12:45:28,963 - INFO - Retrieved Weather Data for: Madison, NH - 2024-12-30
2024-12-31 12:45:31,218 - ERROR - No tables found on page https://www.wunderground.com/history/daily/KSBA/date/2024-12-30, continuing to next prop
2024-12-31 12:45:33,267 - INFO - Retrieved Weather Data for: Avila Beach, CA - 2024-12-30
2024-12-31 12:45:34,924 - INFO - Retrieved Weather Data for: Borrego Springs, CA - 2024-12-30
2024-12-31 12:45:36,951 - INFO - Retrieved Weather Data for: Crescent, OR - 2024-12-30
2024-12-31 12:45:39,248 - INFO - WebDriver Closed
