2025-01-02 08:35:19,702 - INFO - Initializing Search for: HH - Pea Soup Andersens
2025-01-02 08:35:19,703 - INFO - Gathering data for: 2025-01-03
2025-01-02 08:35:22,009 - INFO - Gathering data for: 2025-01-04
2025-01-02 08:35:24,511 - INFO - Gathering data for: 2025-01-05
2025-01-02 08:35:27,931 - INFO - Gathering data for: 2025-01-06
2025-01-02 08:35:30,359 - INFO - Gathering data for: 2025-01-07
2025-01-02 08:35:32,625 - INFO - Gathering data for: 2025-01-08
2025-01-02 08:35:35,040 - INFO - Gathering data for: 2025-01-09
2025-01-02 08:35:37,330 - INFO - Gathering data for: 2025-01-10
2025-01-02 08:35:39,611 - INFO - Gathering data for: 2025-01-11
2025-01-02 08:35:42,036 - INFO - Gathering data for: 2025-01-12
2025-01-02 08:35:44,282 - INFO - Gathering data for: 2025-01-13
2025-01-02 08:35:46,654 - INFO - Gathering data for: 2025-01-14
2025-01-02 08:35:48,695 - INFO - Gathering data for: 2025-01-15
2025-01-02 08:35:50,991 - INFO - Gathering data for: 2025-01-16
2025-01-02 08:35:53,339 - INFO - Gathering data for: 2025-01-17
2025-01-02 08:35:55,736 - INFO - Gathering data for: 2025-01-18
2025-01-02 08:35:58,031 - INFO - Gathering data for: 2025-01-19
2025-01-02 08:36:00,450 - INFO - Gathering data for: 2025-01-20
2025-01-02 08:36:03,164 - INFO - Gathering data for: 2025-01-21
2025-01-02 08:36:05,311 - INFO - Gathering data for: 2025-01-22
2025-01-02 08:36:07,786 - INFO - Gathering data for: 2025-01-23
2025-01-02 08:36:10,172 - INFO - Gathering data for: 2025-01-24
2025-01-02 08:36:12,485 - INFO - Gathering data for: 2025-01-25
2025-01-02 08:36:15,463 - INFO - Gathering data for: 2025-01-26
2025-01-02 08:36:17,833 - INFO - Gathering data for: 2025-01-27
2025-01-02 08:36:20,150 - INFO - Gathering data for: 2025-01-28
2025-01-02 08:36:22,389 - INFO - Gathering data for: 2025-01-29
2025-01-02 08:36:24,884 - INFO - Gathering data for: 2025-01-30
2025-01-02 08:36:27,188 - INFO - Gathering data for: 2025-01-31
2025-01-02 08:36:29,672 - INFO - Gathering data for: 2025-02-01
2025-01-02 08:36:32,151 - INFO - Initializing Search for: HH - Motel 6
2025-01-02 08:36:32,152 - INFO - Gathering data for: 2025-01-03
2025-01-02 08:36:34,368 - INFO - Gathering data for: 2025-01-04
2025-01-02 08:36:37,528 - INFO - Gathering data for: 2025-01-05
2025-01-02 08:36:40,193 - INFO - Gathering data for: 2025-01-06
2025-01-02 08:36:42,636 - INFO - Gathering data for: 2025-01-07
2025-01-02 08:36:44,945 - INFO - Gathering data for: 2025-01-08
2025-01-02 08:36:47,074 - INFO - Gathering data for: 2025-01-09
2025-01-02 08:36:49,541 - INFO - Gathering data for: 2025-01-10
2025-01-02 08:36:51,977 - INFO - Gathering data for: 2025-01-11
2025-01-02 08:36:54,212 - INFO - Gathering data for: 2025-01-12
2025-01-02 08:36:56,605 - INFO - Gathering data for: 2025-01-13
2025-01-02 08:36:59,135 - INFO - Gathering data for: 2025-01-14
2025-01-02 08:37:01,403 - INFO - Gathering data for: 2025-01-15
2025-01-02 08:37:04,828 - INFO - Gathering data for: 2025-01-16
2025-01-02 08:37:07,073 - INFO - Gathering data for: 2025-01-17
2025-01-02 08:37:09,324 - INFO - Gathering data for: 2025-01-18
2025-01-02 08:37:11,602 - INFO - Gathering data for: 2025-01-19
2025-01-02 08:37:13,835 - INFO - Gathering data for: 2025-01-20
2025-01-02 08:37:16,246 - INFO - Gathering data for: 2025-01-21
2025-01-02 08:37:18,532 - INFO - Gathering data for: 2025-01-22
2025-01-02 08:37:20,989 - INFO - Gathering data for: 2025-01-23
2025-01-02 08:37:23,248 - INFO - Gathering data for: 2025-01-24
2025-01-02 08:37:25,640 - INFO - Gathering data for: 2025-01-25
2025-01-02 08:37:28,155 - INFO - Gathering data for: 2025-01-26
2025-01-02 08:37:30,617 - INFO - Gathering data for: 2025-01-27
2025-01-02 08:37:33,112 - INFO - Gathering data for: 2025-01-28
2025-01-02 08:37:35,948 - INFO - Gathering data for: 2025-01-29
2025-01-02 08:37:38,800 - INFO - Gathering data for: 2025-01-30
2025-01-02 08:37:41,121 - INFO - Gathering data for: 2025-01-31
2025-01-02 08:37:43,613 - INFO - Gathering data for: 2025-02-01
2025-01-02 08:37:45,800 - INFO - Initializing Search for: HH - Quality Inn
2025-01-02 08:37:45,801 - INFO - Gathering data for: 2025-01-03
2025-01-02 08:37:47,959 - INFO - Gathering data for: 2025-01-04
2025-01-02 08:37:50,441 - INFO - Gathering data for: 2025-01-05
2025-01-02 08:37:52,936 - INFO - Gathering data for: 2025-01-06
2025-01-02 08:37:55,388 - INFO - Gathering data for: 2025-01-07
2025-01-02 08:37:57,857 - INFO - Gathering data for: 2025-01-08
2025-01-02 08:38:00,284 - INFO - Gathering data for: 2025-01-09
2025-01-02 08:38:02,994 - INFO - Gathering data for: 2025-01-10
2025-01-02 08:38:05,381 - INFO - Gathering data for: 2025-01-11
2025-01-02 08:38:08,085 - INFO - Gathering data for: 2025-01-12
2025-01-02 08:38:10,939 - INFO - Gathering data for: 2025-01-13
2025-01-02 08:38:13,882 - INFO - Gathering data for: 2025-01-14
2025-01-02 08:38:16,764 - INFO - Gathering data for: 2025-01-15
2025-01-02 08:38:19,384 - INFO - Gathering data for: 2025-01-16
2025-01-02 08:38:22,238 - INFO - Gathering data for: 2025-01-17
2025-01-02 08:38:25,031 - INFO - Gathering data for: 2025-01-18
2025-01-02 08:38:27,446 - INFO - Gathering data for: 2025-01-19
2025-01-02 08:38:30,190 - INFO - Gathering data for: 2025-01-20
2025-01-02 08:38:32,987 - INFO - Gathering data for: 2025-01-21
2025-01-02 08:38:35,825 - INFO - Gathering data for: 2025-01-22
2025-01-02 08:38:38,594 - INFO - Gathering data for: 2025-01-23
2025-01-02 08:38:41,441 - INFO - Gathering data for: 2025-01-24
2025-01-02 08:38:44,174 - INFO - Gathering data for: 2025-01-25
2025-01-02 08:38:46,937 - INFO - Gathering data for: 2025-01-26
2025-01-02 08:38:49,681 - INFO - Gathering data for: 2025-01-27
2025-01-02 08:38:52,099 - INFO - Gathering data for: 2025-01-28
2025-01-02 08:38:55,187 - INFO - Gathering data for: 2025-01-29
2025-01-02 08:38:58,468 - INFO - Gathering data for: 2025-01-30
2025-01-02 08:39:01,460 - INFO - Gathering data for: 2025-01-31
2025-01-02 08:39:04,369 - INFO - Gathering data for: 2025-02-01
2025-01-02 08:39:07,446 - INFO - Initializing Search for: SWI - Motel 6
2025-01-02 08:39:07,447 - INFO - Gathering data for: 2025-01-03
2025-01-02 08:39:09,574 - INFO - Gathering data for: 2025-01-04
2025-01-02 08:39:11,663 - INFO - Gathering data for: 2025-01-05
2025-01-02 08:39:14,233 - INFO - Gathering data for: 2025-01-06
2025-01-02 08:39:16,422 - INFO - Gathering data for: 2025-01-07
2025-01-02 08:39:19,008 - INFO - Gathering data for: 2025-01-08
2025-01-02 08:39:21,557 - INFO - Gathering data for: 2025-01-09
2025-01-02 08:39:23,949 - INFO - Gathering data for: 2025-01-10
2025-01-02 08:39:26,388 - INFO - Gathering data for: 2025-01-11
2025-01-02 08:39:28,957 - INFO - Gathering data for: 2025-01-12
2025-01-02 08:39:31,273 - INFO - Gathering data for: 2025-01-13
2025-01-02 08:39:33,883 - INFO - Gathering data for: 2025-01-14
2025-01-02 08:39:36,320 - INFO - Gathering data for: 2025-01-15
2025-01-02 08:39:38,786 - INFO - Gathering data for: 2025-01-16
2025-01-02 08:39:41,127 - INFO - Gathering data for: 2025-01-17
2025-01-02 08:39:44,001 - INFO - Gathering data for: 2025-01-18
2025-01-02 08:39:46,668 - INFO - Gathering data for: 2025-01-19
2025-01-02 08:39:48,978 - INFO - Gathering data for: 2025-01-20
2025-01-02 08:39:51,401 - INFO - Gathering data for: 2025-01-21
2025-01-02 08:39:53,698 - INFO - Gathering data for: 2025-01-22
2025-01-02 08:39:55,936 - INFO - Gathering data for: 2025-01-23
2025-01-02 08:39:58,451 - INFO - Gathering data for: 2025-01-24
2025-01-02 08:40:00,892 - INFO - Gathering data for: 2025-01-25
2025-01-02 08:40:03,775 - INFO - Gathering data for: 2025-01-26
2025-01-02 08:40:06,107 - INFO - Gathering data for: 2025-01-27
2025-01-02 08:40:08,484 - INFO - Gathering data for: 2025-01-28
2025-01-02 08:40:10,673 - INFO - Gathering data for: 2025-01-29
2025-01-02 08:40:12,903 - INFO - Gathering data for: 2025-01-30
2025-01-02 08:40:15,059 - INFO - Gathering data for: 2025-01-31
2025-01-02 08:40:17,549 - INFO - Gathering data for: 2025-02-01
2025-01-02 08:40:19,978 - INFO - Initializing Search for: SWI - Quality Inn
2025-01-02 08:40:19,979 - INFO - Gathering data for: 2025-01-03
2025-01-02 08:40:22,190 - INFO - Gathering data for: 2025-01-04
2025-01-02 08:40:24,583 - INFO - Gathering data for: 2025-01-05
2025-01-02 08:40:27,155 - INFO - Gathering data for: 2025-01-06
2025-01-02 08:40:29,734 - INFO - Gathering data for: 2025-01-07
2025-01-02 08:40:32,014 - INFO - Gathering data for: 2025-01-08
2025-01-02 08:40:35,072 - INFO - Gathering data for: 2025-01-09
2025-01-02 08:40:37,789 - INFO - Gathering data for: 2025-01-10
2025-01-02 08:40:40,312 - INFO - Gathering data for: 2025-01-11
2025-01-02 08:40:43,150 - INFO - Gathering data for: 2025-01-12
2025-01-02 08:40:46,074 - INFO - Gathering data for: 2025-01-13
2025-01-02 08:40:48,855 - INFO - Gathering data for: 2025-01-14
2025-01-02 08:40:52,983 - INFO - Gathering data for: 2025-01-15
2025-01-02 08:40:56,763 - INFO - Gathering data for: 2025-01-16
2025-01-02 08:41:00,536 - INFO - Gathering data for: 2025-01-17
2025-01-02 08:41:03,829 - INFO - Gathering data for: 2025-01-18
2025-01-02 08:41:06,852 - INFO - Gathering data for: 2025-01-19
2025-01-02 08:41:10,385 - INFO - Gathering data for: 2025-01-20
2025-01-02 08:41:13,825 - INFO - Gathering data for: 2025-01-21
2025-01-02 08:41:17,384 - INFO - Gathering data for: 2025-01-22
2025-01-02 08:41:20,892 - INFO - Gathering data for: 2025-01-23
2025-01-02 08:41:23,905 - INFO - Gathering data for: 2025-01-24
2025-01-02 08:41:27,589 - INFO - Gathering data for: 2025-01-25
2025-01-02 08:41:30,605 - INFO - Gathering data for: 2025-01-26
2025-01-02 08:41:33,175 - INFO - Gathering data for: 2025-01-27
2025-01-02 08:41:36,053 - INFO - Gathering data for: 2025-01-28
2025-01-02 08:41:38,755 - INFO - Gathering data for: 2025-01-29
2025-01-02 08:41:41,723 - INFO - Gathering data for: 2025-01-30
2025-01-02 08:41:45,077 - INFO - Gathering data for: 2025-01-31
2025-01-02 08:41:47,984 - INFO - Gathering data for: 2025-02-01
2025-01-02 08:41:51,057 - INFO - Initializing Search for: SWI - Hampton Inn
2025-01-02 08:41:51,058 - INFO - Gathering data for: 2025-01-03
2025-01-02 08:41:53,692 - INFO - Gathering data for: 2025-01-04
2025-01-02 08:41:56,662 - INFO - Gathering data for: 2025-01-05
2025-01-02 08:41:59,616 - INFO - Gathering data for: 2025-01-06
2025-01-02 08:42:02,368 - INFO - Gathering data for: 2025-01-07
2025-01-02 08:42:05,242 - INFO - Gathering data for: 2025-01-08
2025-01-02 08:42:08,035 - INFO - Gathering data for: 2025-01-09
2025-01-02 08:42:11,705 - INFO - Gathering data for: 2025-01-10
2025-01-02 08:42:15,633 - INFO - Gathering data for: 2025-01-11
2025-01-02 08:42:18,868 - INFO - Gathering data for: 2025-01-12
2025-01-02 08:42:22,377 - INFO - Gathering data for: 2025-01-13
2025-01-02 08:42:25,823 - INFO - Gathering data for: 2025-01-14
2025-01-02 08:42:29,281 - INFO - Gathering data for: 2025-01-15
2025-01-02 08:42:32,625 - INFO - Gathering data for: 2025-01-16
2025-01-02 08:42:35,860 - INFO - Gathering data for: 2025-01-17
2025-01-02 08:42:39,947 - INFO - Gathering data for: 2025-01-18
2025-01-02 08:42:43,086 - INFO - Gathering data for: 2025-01-19
2025-01-02 08:42:47,382 - INFO - Gathering data for: 2025-01-20
2025-01-02 08:42:50,705 - INFO - Gathering data for: 2025-01-21
2025-01-02 08:42:54,019 - INFO - Gathering data for: 2025-01-22
2025-01-02 08:42:57,466 - INFO - Gathering data for: 2025-01-23
2025-01-02 08:43:01,265 - INFO - Gathering data for: 2025-01-24
2025-01-02 08:43:05,447 - INFO - Gathering data for: 2025-01-25
2025-01-02 08:43:09,088 - INFO - Gathering data for: 2025-01-26
2025-01-02 08:43:12,662 - INFO - Gathering data for: 2025-01-27
2025-01-02 08:43:16,765 - INFO - Gathering data for: 2025-01-28
2025-01-02 08:43:20,620 - INFO - Gathering data for: 2025-01-29
2025-01-02 08:43:24,297 - INFO - Gathering data for: 2025-01-30
2025-01-02 08:43:27,760 - INFO - Gathering data for: 2025-01-31
2025-01-02 08:43:30,339 - INFO - Gathering data for: 2025-02-01
2025-01-02 08:45:06,418 - INFO - Initializing data pull for: 01-02-2025
2025-01-02 08:45:06,419 - INFO - Initializing Search for: HH - Pea Soup Andersens
2025-01-02 08:45:06,420 - INFO - Gathering data for: 2025-01-03
2025-01-02 08:45:08,886 - INFO - Gathering data for: 2025-01-04
2025-01-02 08:45:12,121 - INFO - Gathering data for: 2025-01-05
2025-01-02 08:45:15,630 - INFO - Gathering data for: 2025-01-06
2025-01-02 08:45:18,162 - INFO - Gathering data for: 2025-01-07
2025-01-02 08:45:21,743 - INFO - Gathering data for: 2025-01-08
2025-01-02 08:45:24,278 - INFO - Gathering data for: 2025-01-09
2025-01-02 08:45:26,584 - INFO - Gathering data for: 2025-01-10
2025-01-02 08:45:28,732 - INFO - Gathering data for: 2025-01-11
2025-01-02 08:45:31,151 - INFO - Gathering data for: 2025-01-12
2025-01-02 08:45:33,294 - INFO - Gathering data for: 2025-01-13
2025-01-02 08:45:35,717 - INFO - Gathering data for: 2025-01-14
2025-01-02 08:45:38,558 - INFO - Gathering data for: 2025-01-15
2025-01-02 08:45:40,753 - INFO - Gathering data for: 2025-01-16
2025-01-02 08:45:43,076 - INFO - Gathering data for: 2025-01-17
2025-01-02 08:45:45,279 - INFO - Gathering data for: 2025-01-18
2025-01-02 08:45:47,867 - INFO - Gathering data for: 2025-01-19
2025-01-02 08:45:50,186 - INFO - Gathering data for: 2025-01-20
2025-01-02 08:45:52,669 - INFO - Gathering data for: 2025-01-21
2025-01-02 08:45:54,993 - INFO - Gathering data for: 2025-01-22
2025-01-02 08:45:57,258 - INFO - Gathering data for: 2025-01-23
2025-01-02 08:45:59,745 - INFO - Gathering data for: 2025-01-24
2025-01-02 08:46:02,110 - INFO - Gathering data for: 2025-01-25
2025-01-02 08:46:04,629 - INFO - Gathering data for: 2025-01-26
2025-01-02 08:46:07,054 - INFO - Gathering data for: 2025-01-27
2025-01-02 08:46:09,342 - INFO - Gathering data for: 2025-01-28
2025-01-02 08:46:11,509 - INFO - Gathering data for: 2025-01-29
2025-01-02 08:46:13,990 - INFO - Gathering data for: 2025-01-30
2025-01-02 08:46:16,180 - INFO - Gathering data for: 2025-01-31
2025-01-02 08:46:18,474 - INFO - Gathering data for: 2025-02-01
2025-01-02 08:46:20,777 - INFO - Initializing Search for: HH - Motel 6
2025-01-02 08:46:20,778 - INFO - Gathering data for: 2025-01-03
2025-01-02 08:46:23,007 - INFO - Gathering data for: 2025-01-04
2025-01-02 08:46:25,276 - INFO - Gathering data for: 2025-01-05
2025-01-02 08:46:27,709 - INFO - Gathering data for: 2025-01-06
2025-01-02 08:46:29,941 - INFO - Gathering data for: 2025-01-07
2025-01-02 08:46:32,164 - INFO - Gathering data for: 2025-01-08
2025-01-02 08:46:34,772 - INFO - Gathering data for: 2025-01-09
2025-01-02 08:46:37,136 - INFO - Gathering data for: 2025-01-10
2025-01-02 08:46:39,486 - INFO - Gathering data for: 2025-01-11
2025-01-02 08:46:41,881 - INFO - Gathering data for: 2025-01-12
2025-01-02 08:46:44,109 - INFO - Gathering data for: 2025-01-13
2025-01-02 08:46:46,809 - INFO - Gathering data for: 2025-01-14
2025-01-02 08:46:49,039 - INFO - Gathering data for: 2025-01-15
2025-01-02 08:46:51,527 - INFO - Gathering data for: 2025-01-16
2025-01-02 08:46:53,897 - INFO - Gathering data for: 2025-01-17
2025-01-02 08:46:56,231 - INFO - Gathering data for: 2025-01-18
2025-01-02 08:46:58,484 - INFO - Gathering data for: 2025-01-19
2025-01-02 08:47:00,779 - INFO - Gathering data for: 2025-01-20
2025-01-02 08:47:03,169 - INFO - Gathering data for: 2025-01-21
2025-01-02 08:47:05,559 - INFO - Gathering data for: 2025-01-22
2025-01-02 08:47:07,845 - INFO - Gathering data for: 2025-01-23
2025-01-02 08:47:10,146 - INFO - Gathering data for: 2025-01-24
2025-01-02 08:47:12,501 - INFO - Gathering data for: 2025-01-25
2025-01-02 08:47:14,797 - INFO - Gathering data for: 2025-01-26
2025-01-02 08:47:17,157 - INFO - Gathering data for: 2025-01-27
2025-01-02 08:47:19,637 - INFO - Gathering data for: 2025-01-28
2025-01-02 08:47:21,819 - INFO - Gathering data for: 2025-01-29
2025-01-02 08:47:24,252 - INFO - Gathering data for: 2025-01-30
2025-01-02 08:47:26,793 - INFO - Gathering data for: 2025-01-31
2025-01-02 08:47:29,120 - INFO - Gathering data for: 2025-02-01
2025-01-02 08:47:32,430 - INFO - Initializing Search for: HH - Quality Inn
2025-01-02 08:47:32,432 - INFO - Gathering data for: 2025-01-03
2025-01-02 08:47:34,766 - INFO - Gathering data for: 2025-01-04
2025-01-02 08:47:37,198 - INFO - Gathering data for: 2025-01-05
2025-01-02 08:47:39,382 - INFO - Gathering data for: 2025-01-06
2025-01-02 08:47:41,811 - INFO - Gathering data for: 2025-01-07
2025-01-02 08:47:44,236 - INFO - Gathering data for: 2025-01-08
2025-01-02 08:47:46,828 - INFO - Gathering data for: 2025-01-09
2025-01-02 08:47:49,996 - INFO - Gathering data for: 2025-01-10
2025-01-02 08:47:52,445 - INFO - Gathering data for: 2025-01-11
2025-01-02 08:47:55,099 - INFO - Gathering data for: 2025-01-12
2025-01-02 08:47:57,823 - INFO - Gathering data for: 2025-01-13
2025-01-02 08:48:00,533 - INFO - Gathering data for: 2025-01-14
2025-01-02 08:48:03,230 - INFO - Gathering data for: 2025-01-15
2025-01-02 08:48:06,076 - INFO - Gathering data for: 2025-01-16
2025-01-02 08:48:08,904 - INFO - Gathering data for: 2025-01-17
2025-01-02 08:48:11,896 - INFO - Gathering data for: 2025-01-18
2025-01-02 08:48:14,496 - INFO - Gathering data for: 2025-01-19
2025-01-02 08:48:17,366 - INFO - Gathering data for: 2025-01-20
2025-01-02 08:48:20,410 - INFO - Gathering data for: 2025-01-21
2025-01-02 08:48:23,531 - INFO - Gathering data for: 2025-01-22
2025-01-02 08:48:26,561 - INFO - Gathering data for: 2025-01-23
2025-01-02 08:48:29,279 - INFO - Gathering data for: 2025-01-24
2025-01-02 08:48:32,036 - INFO - Gathering data for: 2025-01-25
2025-01-02 08:48:34,777 - INFO - Gathering data for: 2025-01-26
2025-01-02 08:48:38,156 - INFO - Gathering data for: 2025-01-27
2025-01-02 08:48:41,062 - INFO - Gathering data for: 2025-01-28
2025-01-02 08:48:43,799 - INFO - Gathering data for: 2025-01-29
2025-01-02 08:48:46,788 - INFO - Gathering data for: 2025-01-30
2025-01-02 08:48:49,684 - INFO - Gathering data for: 2025-01-31
2025-01-02 08:48:52,593 - INFO - Gathering data for: 2025-02-01
2025-01-02 08:48:55,579 - INFO - Initializing Search for: SWI - Motel 6
2025-01-02 08:48:55,580 - INFO - Gathering data for: 2025-01-03
2025-01-02 08:48:57,919 - INFO - Gathering data for: 2025-01-04
2025-01-02 08:49:00,258 - INFO - Gathering data for: 2025-01-05
2025-01-02 08:49:02,864 - INFO - Gathering data for: 2025-01-06
2025-01-02 08:49:05,421 - INFO - Gathering data for: 2025-01-07
2025-01-02 08:49:07,784 - INFO - Gathering data for: 2025-01-08
2025-01-02 08:49:10,066 - INFO - Gathering data for: 2025-01-09
2025-01-02 08:49:12,358 - INFO - Gathering data for: 2025-01-10
2025-01-02 08:49:14,911 - INFO - Gathering data for: 2025-01-11
2025-01-02 08:49:17,440 - INFO - Gathering data for: 2025-01-12
2025-01-02 08:49:19,611 - INFO - Gathering data for: 2025-01-13
2025-01-02 08:49:22,152 - INFO - Gathering data for: 2025-01-14
2025-01-02 08:49:24,616 - INFO - Gathering data for: 2025-01-15
2025-01-02 08:49:26,976 - INFO - Gathering data for: 2025-01-16
2025-01-02 08:49:30,061 - INFO - Gathering data for: 2025-01-17
2025-01-02 08:49:32,472 - INFO - Gathering data for: 2025-01-18
2025-01-02 08:49:34,659 - INFO - Gathering data for: 2025-01-19
2025-01-02 08:49:37,224 - INFO - Gathering data for: 2025-01-20
2025-01-02 08:49:39,625 - INFO - Gathering data for: 2025-01-21
2025-01-02 08:49:42,565 - INFO - Gathering data for: 2025-01-22
2025-01-02 08:49:44,868 - INFO - Gathering data for: 2025-01-23
2025-01-02 08:49:47,230 - INFO - Gathering data for: 2025-01-24
2025-01-02 08:49:49,577 - INFO - Gathering data for: 2025-01-25
2025-01-02 08:49:52,020 - INFO - Gathering data for: 2025-01-26
2025-01-02 08:49:54,665 - INFO - Gathering data for: 2025-01-27
2025-01-02 08:49:57,391 - INFO - Gathering data for: 2025-01-28
2025-01-02 08:49:59,854 - INFO - Gathering data for: 2025-01-29
2025-01-02 08:50:02,185 - INFO - Gathering data for: 2025-01-30
2025-01-02 08:50:05,022 - INFO - Gathering data for: 2025-01-31
2025-01-02 08:50:07,631 - INFO - Gathering data for: 2025-02-01
2025-01-02 08:50:10,053 - INFO - Initializing Search for: SWI - Quality Inn
2025-01-02 08:50:10,053 - INFO - Gathering data for: 2025-01-03
2025-01-02 08:50:12,056 - INFO - Gathering data for: 2025-01-04
2025-01-02 08:50:14,662 - INFO - Gathering data for: 2025-01-05
2025-01-02 08:50:17,185 - INFO - Gathering data for: 2025-01-06
2025-01-02 08:50:20,179 - INFO - Gathering data for: 2025-01-07
2025-01-02 08:50:23,813 - INFO - Gathering data for: 2025-01-08
2025-01-02 08:50:26,454 - INFO - Gathering data for: 2025-01-09
2025-01-02 08:50:28,990 - INFO - Gathering data for: 2025-01-10
2025-01-02 08:50:31,664 - INFO - Gathering data for: 2025-01-11
2025-01-02 08:50:34,633 - INFO - Gathering data for: 2025-01-12
2025-01-02 08:50:37,467 - INFO - Gathering data for: 2025-01-13
2025-01-02 08:50:40,144 - INFO - Gathering data for: 2025-01-14
2025-01-02 08:50:43,087 - INFO - Gathering data for: 2025-01-15
2025-01-02 08:50:46,046 - INFO - Gathering data for: 2025-01-16
2025-01-02 08:50:49,178 - INFO - Gathering data for: 2025-01-17
2025-01-02 08:50:52,078 - INFO - Gathering data for: 2025-01-18
2025-01-02 08:50:54,354 - INFO - Gathering data for: 2025-01-19
2025-01-02 08:50:57,045 - INFO - Gathering data for: 2025-01-20
2025-01-02 08:50:59,901 - INFO - Gathering data for: 2025-01-21
2025-01-02 08:51:02,871 - INFO - Gathering data for: 2025-01-22
2025-01-02 08:51:05,813 - INFO - Gathering data for: 2025-01-23
2025-01-02 08:51:08,504 - INFO - Gathering data for: 2025-01-24
2025-01-02 08:51:11,490 - INFO - Gathering data for: 2025-01-25
2025-01-02 08:51:14,511 - INFO - Gathering data for: 2025-01-26
2025-01-02 08:51:17,321 - INFO - Gathering data for: 2025-01-27
2025-01-02 08:51:20,328 - INFO - Gathering data for: 2025-01-28
2025-01-02 08:51:23,398 - INFO - Gathering data for: 2025-01-29
2025-01-02 08:51:26,049 - INFO - Gathering data for: 2025-01-30
2025-01-02 08:51:28,577 - INFO - Gathering data for: 2025-01-31
2025-01-02 08:51:31,535 - INFO - Gathering data for: 2025-02-01
2025-01-02 08:51:34,347 - INFO - Initializing Search for: SWI - Hampton Inn
2025-01-02 08:51:34,348 - INFO - Gathering data for: 2025-01-03
2025-01-02 08:51:36,804 - INFO - Gathering data for: 2025-01-04
2025-01-02 08:51:39,162 - INFO - Gathering data for: 2025-01-05
2025-01-02 08:51:42,454 - INFO - Gathering data for: 2025-01-06
2025-01-02 08:51:45,362 - INFO - Gathering data for: 2025-01-07
2025-01-02 08:51:48,890 - INFO - Gathering data for: 2025-01-08
2025-01-02 08:51:51,779 - INFO - Gathering data for: 2025-01-09
2025-01-02 08:51:54,956 - INFO - Gathering data for: 2025-01-10
2025-01-02 08:51:58,137 - INFO - Gathering data for: 2025-01-11
2025-01-02 08:52:01,444 - INFO - Gathering data for: 2025-01-12
2025-01-02 08:52:05,245 - INFO - Gathering data for: 2025-01-13
2025-01-02 08:52:08,793 - INFO - Gathering data for: 2025-01-14
2025-01-02 08:52:12,228 - INFO - Gathering data for: 2025-01-15
2025-01-02 08:52:15,367 - INFO - Gathering data for: 2025-01-16
2025-01-02 08:52:18,756 - INFO - Gathering data for: 2025-01-17
2025-01-02 08:52:21,874 - INFO - Gathering data for: 2025-01-18
2025-01-02 08:52:25,541 - INFO - Gathering data for: 2025-01-19
2025-01-02 08:52:29,110 - INFO - Gathering data for: 2025-01-20
2025-01-02 08:52:32,757 - INFO - Gathering data for: 2025-01-21
2025-01-02 08:52:35,920 - INFO - Gathering data for: 2025-01-22
2025-01-02 08:52:39,311 - INFO - Gathering data for: 2025-01-23
2025-01-02 08:52:42,428 - INFO - Gathering data for: 2025-01-24
2025-01-02 08:52:45,848 - INFO - Gathering data for: 2025-01-25
2025-01-02 08:52:49,058 - INFO - Gathering data for: 2025-01-26
2025-01-02 08:52:52,946 - INFO - Gathering data for: 2025-01-27
2025-01-02 08:52:56,533 - INFO - Gathering data for: 2025-01-28
2025-01-02 08:53:00,028 - INFO - Gathering data for: 2025-01-29
2025-01-02 08:53:03,446 - INFO - Gathering data for: 2025-01-30
2025-01-02 08:53:06,868 - INFO - Gathering data for: 2025-01-31
2025-01-02 08:53:09,805 - INFO - Gathering data for: 2025-02-01
2025-01-03 09:06:09,755 - INFO - Initializing data pull for: 01-03-2025
2025-01-03 09:06:09,756 - INFO - Initializing Search for: HH - Pea Soup Andersens
2025-01-03 09:06:09,757 - INFO - Gathering data for: 2025-01-04
2025-01-03 09:06:12,333 - INFO - Gathering data for: 2025-01-05
2025-01-03 09:06:14,851 - INFO - Gathering data for: 2025-01-06
2025-01-03 09:06:17,626 - INFO - Gathering data for: 2025-01-07
2025-01-03 09:06:19,804 - INFO - Gathering data for: 2025-01-08
2025-01-03 09:06:22,128 - INFO - Gathering data for: 2025-01-09
2025-01-03 09:06:24,354 - INFO - Gathering data for: 2025-01-10
2025-01-03 09:06:26,452 - INFO - Gathering data for: 2025-01-11
2025-01-03 09:06:28,786 - INFO - Gathering data for: 2025-01-12
2025-01-03 09:06:31,083 - INFO - Gathering data for: 2025-01-13
2025-01-03 09:06:33,348 - INFO - Gathering data for: 2025-01-14
2025-01-03 09:06:35,793 - INFO - Gathering data for: 2025-01-15
2025-01-03 09:06:38,125 - INFO - Gathering data for: 2025-01-16
2025-01-03 09:06:40,444 - INFO - Gathering data for: 2025-01-17
2025-01-03 09:06:42,713 - INFO - Gathering data for: 2025-01-18
2025-01-03 09:06:44,910 - INFO - Gathering data for: 2025-01-19
2025-01-03 09:06:47,004 - INFO - Gathering data for: 2025-01-20
2025-01-03 09:06:49,620 - INFO - Gathering data for: 2025-01-21
2025-01-03 09:06:51,869 - INFO - Gathering data for: 2025-01-22
2025-01-03 09:06:54,024 - INFO - Gathering data for: 2025-01-23
2025-01-03 09:06:56,322 - INFO - Gathering data for: 2025-01-24
2025-01-03 09:06:59,006 - INFO - Gathering data for: 2025-01-25
2025-01-03 09:07:01,299 - INFO - Gathering data for: 2025-01-26
2025-01-03 09:07:03,496 - INFO - Gathering data for: 2025-01-27
2025-01-03 09:07:05,693 - INFO - Gathering data for: 2025-01-28
2025-01-03 09:07:07,904 - INFO - Gathering data for: 2025-01-29
2025-01-03 09:07:10,583 - INFO - Gathering data for: 2025-01-30
2025-01-03 09:07:12,906 - INFO - Gathering data for: 2025-01-31
2025-01-03 09:07:15,128 - INFO - Gathering data for: 2025-02-01
2025-01-03 09:07:17,495 - INFO - Gathering data for: 2025-02-02
2025-01-03 09:07:21,070 - INFO - Initializing Search for: HH - Motel 6
2025-01-03 09:07:21,070 - INFO - Gathering data for: 2025-01-04
2025-01-03 09:07:23,916 - INFO - Gathering data for: 2025-01-05
2025-01-03 09:07:27,028 - INFO - Gathering data for: 2025-01-06
2025-01-03 09:07:29,833 - INFO - Gathering data for: 2025-01-07
2025-01-03 09:07:32,545 - INFO - Gathering data for: 2025-01-08
2025-01-03 09:07:35,206 - INFO - Gathering data for: 2025-01-09
2025-01-03 09:07:38,012 - INFO - Gathering data for: 2025-01-10
2025-01-03 09:07:40,635 - INFO - Gathering data for: 2025-01-11
2025-01-03 09:07:42,996 - INFO - Gathering data for: 2025-01-12
2025-01-03 09:07:45,188 - INFO - Gathering data for: 2025-01-13
2025-01-03 09:07:47,911 - INFO - Gathering data for: 2025-01-14
2025-01-03 09:07:50,505 - INFO - Gathering data for: 2025-01-15
2025-01-03 09:07:52,976 - INFO - Gathering data for: 2025-01-16
2025-01-03 09:07:55,497 - INFO - Gathering data for: 2025-01-17
2025-01-03 09:07:57,990 - INFO - Gathering data for: 2025-01-18
2025-01-03 09:08:00,532 - INFO - Gathering data for: 2025-01-19
2025-01-03 09:08:03,274 - INFO - Gathering data for: 2025-01-20
2025-01-03 09:08:05,812 - INFO - Gathering data for: 2025-01-21
2025-01-03 09:08:08,656 - INFO - Gathering data for: 2025-01-22
2025-01-03 09:08:11,246 - INFO - Gathering data for: 2025-01-23
2025-01-03 09:08:14,415 - INFO - Gathering data for: 2025-01-24
2025-01-03 09:08:17,713 - INFO - Gathering data for: 2025-01-25
2025-01-03 09:08:20,355 - INFO - Gathering data for: 2025-01-26
2025-01-03 09:08:22,981 - INFO - Gathering data for: 2025-01-27
2025-01-03 09:08:26,739 - INFO - Gathering data for: 2025-01-28
2025-01-03 09:08:29,643 - INFO - Gathering data for: 2025-01-29
2025-01-03 09:08:32,325 - INFO - Gathering data for: 2025-01-30
2025-01-03 09:08:35,425 - INFO - Gathering data for: 2025-01-31
2025-01-03 09:08:38,337 - INFO - Gathering data for: 2025-02-01
2025-01-03 09:08:40,714 - INFO - Gathering data for: 2025-02-02
2025-01-03 09:08:43,266 - INFO - Initializing Search for: HH - Quality Inn
2025-01-03 09:08:43,266 - INFO - Gathering data for: 2025-01-04
2025-01-03 09:08:45,917 - INFO - Gathering data for: 2025-01-05
2025-01-03 09:08:48,591 - INFO - Gathering data for: 2025-01-06
2025-01-03 09:08:51,757 - INFO - Gathering data for: 2025-01-07
2025-01-03 09:08:54,714 - INFO - Gathering data for: 2025-01-08
2025-01-03 09:08:57,502 - INFO - Gathering data for: 2025-01-09
2025-01-03 09:09:00,299 - INFO - Gathering data for: 2025-01-10
2025-01-03 09:09:02,928 - INFO - Gathering data for: 2025-01-11
2025-01-03 09:09:06,081 - INFO - Gathering data for: 2025-01-12
2025-01-03 09:09:09,353 - INFO - Gathering data for: 2025-01-13
2025-01-03 09:09:12,088 - INFO - Gathering data for: 2025-01-14
2025-01-03 09:09:15,172 - INFO - Gathering data for: 2025-01-15
2025-01-03 09:09:18,507 - INFO - Gathering data for: 2025-01-16
2025-01-03 09:09:21,533 - INFO - Gathering data for: 2025-01-17
2025-01-03 09:09:25,160 - INFO - Gathering data for: 2025-01-18
2025-01-03 09:09:27,704 - INFO - Gathering data for: 2025-01-19
2025-01-03 09:09:30,870 - INFO - Gathering data for: 2025-01-20
2025-01-03 09:09:33,975 - INFO - Gathering data for: 2025-01-21
2025-01-03 09:09:37,120 - INFO - Gathering data for: 2025-01-22
2025-01-03 09:09:40,540 - INFO - Gathering data for: 2025-01-23
2025-01-03 09:09:43,350 - INFO - Gathering data for: 2025-01-24
2025-01-03 09:09:45,812 - INFO - Gathering data for: 2025-01-25
2025-01-03 09:09:48,756 - INFO - Gathering data for: 2025-01-26
2025-01-03 09:09:51,267 - INFO - Gathering data for: 2025-01-27
2025-01-03 09:09:54,151 - INFO - Gathering data for: 2025-01-28
2025-01-03 09:09:57,402 - INFO - Gathering data for: 2025-01-29
2025-01-03 09:10:00,171 - INFO - Gathering data for: 2025-01-30
2025-01-03 09:10:03,208 - INFO - Gathering data for: 2025-01-31
2025-01-03 09:10:05,707 - INFO - Gathering data for: 2025-02-01
2025-01-03 09:10:08,632 - INFO - Gathering data for: 2025-02-02
2025-01-03 09:10:11,507 - INFO - Initializing Search for: SWI - Motel 6
2025-01-03 09:10:11,507 - INFO - Gathering data for: 2025-01-04
2025-01-03 09:10:13,862 - INFO - Gathering data for: 2025-01-05
2025-01-03 09:10:16,210 - INFO - Gathering data for: 2025-01-06
2025-01-03 09:10:18,760 - INFO - Gathering data for: 2025-01-07
2025-01-03 09:10:20,978 - INFO - Gathering data for: 2025-01-08
2025-01-03 09:10:23,348 - INFO - Gathering data for: 2025-01-09
2025-01-03 09:10:25,658 - INFO - Gathering data for: 2025-01-10
2025-01-03 09:10:27,860 - INFO - Gathering data for: 2025-01-11
2025-01-03 09:10:30,101 - INFO - Gathering data for: 2025-01-12
2025-01-03 09:10:32,499 - INFO - Gathering data for: 2025-01-13
2025-01-03 09:10:34,875 - INFO - Gathering data for: 2025-01-14
2025-01-03 09:10:37,410 - INFO - Gathering data for: 2025-01-15
2025-01-03 09:10:40,146 - INFO - Gathering data for: 2025-01-16
2025-01-03 09:10:42,914 - INFO - Gathering data for: 2025-01-17
2025-01-03 09:10:45,533 - INFO - Gathering data for: 2025-01-18
2025-01-03 09:10:48,245 - INFO - Gathering data for: 2025-01-19
2025-01-03 09:10:51,034 - INFO - Gathering data for: 2025-01-20
2025-01-03 09:10:53,613 - INFO - Gathering data for: 2025-01-21
2025-01-03 09:10:56,126 - INFO - Gathering data for: 2025-01-22
2025-01-03 09:10:58,672 - INFO - Gathering data for: 2025-01-23
2025-01-03 09:11:01,590 - INFO - Gathering data for: 2025-01-24
2025-01-03 09:11:04,149 - INFO - Gathering data for: 2025-01-25
2025-01-03 09:11:06,894 - INFO - Gathering data for: 2025-01-26
2025-01-03 09:11:09,772 - INFO - Gathering data for: 2025-01-27
2025-01-03 09:11:12,045 - INFO - Gathering data for: 2025-01-28
2025-01-03 09:11:14,290 - INFO - Gathering data for: 2025-01-29
2025-01-03 09:11:16,664 - INFO - Gathering data for: 2025-01-30
2025-01-03 09:11:18,912 - INFO - Gathering data for: 2025-01-31
2025-01-03 09:11:21,142 - INFO - Gathering data for: 2025-02-01
2025-01-03 09:11:23,552 - INFO - Gathering data for: 2025-02-02
2025-01-03 09:11:25,919 - INFO - Initializing Search for: SWI - Quality Inn
2025-01-03 09:11:25,920 - INFO - Gathering data for: 2025-01-04
2025-01-03 09:11:28,298 - INFO - Gathering data for: 2025-01-05
2025-01-03 09:11:30,517 - INFO - Gathering data for: 2025-01-06
2025-01-03 09:11:32,970 - INFO - Gathering data for: 2025-01-07
2025-01-03 09:11:35,508 - INFO - Gathering data for: 2025-01-08
2025-01-03 09:11:38,106 - INFO - Gathering data for: 2025-01-09
2025-01-03 09:11:40,587 - INFO - Gathering data for: 2025-01-10
2025-01-03 09:11:43,095 - INFO - Gathering data for: 2025-01-11
2025-01-03 09:11:46,020 - INFO - Gathering data for: 2025-01-12
2025-01-03 09:11:48,725 - INFO - Gathering data for: 2025-01-13
2025-01-03 09:11:51,192 - INFO - Gathering data for: 2025-01-14
2025-01-03 09:11:53,876 - INFO - Gathering data for: 2025-01-15
2025-01-03 09:11:56,663 - INFO - Gathering data for: 2025-01-16
2025-01-03 09:11:59,509 - INFO - Gathering data for: 2025-01-17
2025-01-03 09:12:02,189 - INFO - Gathering data for: 2025-01-18
2025-01-03 09:12:04,487 - INFO - Gathering data for: 2025-01-19
2025-01-03 09:12:07,089 - INFO - Gathering data for: 2025-01-20
2025-01-03 09:12:09,944 - INFO - Gathering data for: 2025-01-21
2025-01-03 09:12:12,848 - INFO - Gathering data for: 2025-01-22
2025-01-03 09:12:15,577 - INFO - Gathering data for: 2025-01-23
2025-01-03 09:12:18,302 - INFO - Gathering data for: 2025-01-24
2025-01-03 09:12:21,081 - INFO - Gathering data for: 2025-01-25
2025-01-03 09:12:25,014 - INFO - Gathering data for: 2025-01-26
2025-01-03 09:12:27,550 - INFO - Gathering data for: 2025-01-27
2025-01-03 09:12:30,308 - INFO - Gathering data for: 2025-01-28
2025-01-03 09:12:32,905 - INFO - Gathering data for: 2025-01-29
2025-01-03 09:12:35,508 - INFO - Gathering data for: 2025-01-30
2025-01-03 09:12:38,330 - INFO - Gathering data for: 2025-01-31
2025-01-03 09:12:41,173 - INFO - Gathering data for: 2025-02-01
2025-01-03 09:12:44,234 - INFO - Gathering data for: 2025-02-02
2025-01-03 09:12:47,084 - INFO - Initializing Search for: SWI - Hampton Inn
2025-01-03 09:12:47,084 - INFO - Gathering data for: 2025-01-04
2025-01-03 09:12:49,390 - INFO - Gathering data for: 2025-01-05
2025-01-03 09:12:52,630 - INFO - Gathering data for: 2025-01-06
2025-01-03 09:12:55,442 - INFO - Gathering data for: 2025-01-07
2025-01-03 09:12:58,382 - INFO - Gathering data for: 2025-01-08
2025-01-03 09:13:01,370 - INFO - Gathering data for: 2025-01-09
2025-01-03 09:13:04,578 - INFO - Gathering data for: 2025-01-10
2025-01-03 09:13:07,515 - INFO - Gathering data for: 2025-01-11
2025-01-03 09:13:11,070 - INFO - Gathering data for: 2025-01-12
2025-01-03 09:13:14,683 - INFO - Gathering data for: 2025-01-13
2025-01-03 09:13:18,369 - INFO - Gathering data for: 2025-01-14
2025-01-03 09:13:21,899 - INFO - Gathering data for: 2025-01-15
2025-01-03 09:13:25,116 - INFO - Gathering data for: 2025-01-16
2025-01-03 09:13:28,435 - INFO - Gathering data for: 2025-01-17
2025-01-03 09:13:31,744 - INFO - Gathering data for: 2025-01-18
2025-01-03 09:13:34,799 - INFO - Gathering data for: 2025-01-19
2025-01-03 09:13:38,427 - INFO - Gathering data for: 2025-01-20
2025-01-03 09:13:41,721 - INFO - Gathering data for: 2025-01-21
2025-01-03 09:13:44,992 - INFO - Gathering data for: 2025-01-22
2025-01-03 09:13:48,069 - INFO - Gathering data for: 2025-01-23
2025-01-03 09:13:51,273 - INFO - Gathering data for: 2025-01-24
2025-01-03 09:13:54,692 - INFO - Gathering data for: 2025-01-25
2025-01-03 09:13:57,918 - INFO - Gathering data for: 2025-01-26
2025-01-03 09:14:01,216 - INFO - Gathering data for: 2025-01-27
2025-01-03 09:14:04,963 - INFO - Gathering data for: 2025-01-28
2025-01-03 09:14:08,866 - INFO - Gathering data for: 2025-01-29
2025-01-03 09:14:12,331 - INFO - Gathering data for: 2025-01-30
2025-01-03 09:14:16,029 - INFO - Gathering data for: 2025-01-31
2025-01-03 09:14:18,992 - INFO - Gathering data for: 2025-02-01
2025-01-03 09:14:21,644 - INFO - Gathering data for: 2025-02-02
